Build started 23/08/2016 10:03:44.
     1>Project "C:\Users\1E30\Documents\MTP\aula20160823\init\init\init.vcxproj" on node 2 (build target(s)).
     1>InitializeBuildStatus:
         Creating "Debug\init.unsuccessfulbuild" because "AlwaysCreate" was specified.
       ClCompile:
         C:\Program Files (x86)\Microsoft Visual Studio 10.0\VC\bin\CL.exe /c /ZI /nologo /W3 /WX- /Od /Oy- /D WIN32 /D _DEBUG /D _CONSOLE /D _UNICODE /D UNICODE /Gm /EHsc /RTC1 /MDd /GS /fp:precise /Zc:wchar_t /Zc:forScope /Fo"Debug\\" /Fd"Debug\vc100.pdb" /Gd /TC /analyze- /errorReport:prompt seq1.c
         seq1.c
       Link:
         C:\Program Files (x86)\Microsoft Visual Studio 10.0\VC\bin\link.exe /ERRORREPORT:PROMPT /OUT:"C:\Users\1E30\Documents\MTP\aula20160823\init\Debug\init.exe" /INCREMENTAL:NO /NOLOGO kernel32.lib user32.lib gdi32.lib winspool.lib comdlg32.lib advapi32.lib shell32.lib ole32.lib oleaut32.lib uuid.lib odbc32.lib odbccp32.lib /MANIFEST /ManifestFile:"Debug\init.exe.intermediate.manifest" /MANIFESTUAC:"level='asInvoker' uiAccess='false'" /DEBUG /PDB:"C:\Users\1E30\Documents\MTP\aula20160823\init\Debug\init.pdb" /SUBSYSTEM:CONSOLE /TLBID:1 /DYNAMICBASE /NXCOMPAT /IMPLIB:"C:\Users\1E30\Documents\MTP\aula20160823\init\Debug\init.lib" /MACHINE:X86 Debug\seq1.obj
         Debug\test.obj
     1>seq1.obj : warning LNK4075: ignoring '/EDITANDCONTINUE' due to '/INCREMENTAL:NO' specification
     1>test.obj : error LNK2005: _main already defined in seq1.obj
     1>C:\Users\1E30\Documents\MTP\aula20160823\init\Debug\init.exe : fatal error LNK1169: one or more multiply defined symbols found
     1>Done Building Project "C:\Users\1E30\Documents\MTP\aula20160823\init\init\init.vcxproj" (build target(s)) -- FAILED.

Build FAILED.

Time Elapsed 00:00:00.39
